Library/Bee/Android/Prj/Mono2x/Gradle/launcher/build/intermediates/manifest_merge_blame_file/release/manifest-merger-blame-release-report.txt
1<?xml version="1.0" encoding="utf-8"?>
2<manifest xmlns:android="http://schemas.android.com/apk/res/android"
3    package="com.GameTips.EndlessRunner"
4    android:installLocation="preferExternal"
5    android:versionCode="1"
6    android:versionName="0.3" >
7
8    <uses-sdk
9        android:minSdkVersion="22"
9-->src\main\AndroidManifest.xml
10        android:targetSdkVersion="32" />
10-->src\main\AndroidManifest.xml
11
12    <supports-screens
12-->src\main\AndroidManifest.xml:4:3-163
13        android:anyDensity="true"
13-->src\main\AndroidManifest.xml:4:135-160
14        android:largeScreens="true"
14-->src\main\AndroidManifest.xml:4:78-105
15        android:normalScreens="true"
15-->src\main\AndroidManifest.xml:4:49-77
16        android:smallScreens="true"
16-->src\main\AndroidManifest.xml:4:21-48
17        android:xlargeScreens="true" />
17-->src\main\AndroidManifest.xml:4:106-134
18
19    <uses-permission android:name="android.permission.INTERNET" />
19-->[:unityLibrary] AndroidManifest.xml:10:5-67
19-->[:unityLibrary] AndroidManifest.xml:10:22-64
20    <uses-permission android:name="android.permission.ACCESS_NETWORK_STATE" />
20-->[:unityLibrary] AndroidManifest.xml:11:5-79
20-->[:unityLibrary] AndroidManifest.xml:11:22-76
21
22    <uses-feature android:glEsVersion="0x00020000" />
22-->[:unityLibrary] AndroidManifest.xml:13:5-54
22-->[:unityLibrary] AndroidManifest.xml:13:19-51
23    <uses-feature
23-->[:unityLibrary] AndroidManifest.xml:14:5-16:36
24        android:name="android.hardware.touchscreen"
24-->[:unityLibrary] AndroidManifest.xml:15:9-52
25        android:required="false" />
25-->[:unityLibrary] AndroidManifest.xml:16:9-33
26    <uses-feature
26-->[:unityLibrary] AndroidManifest.xml:17:5-19:36
27        android:name="android.hardware.touchscreen.multitouch"
27-->[:unityLibrary] AndroidManifest.xml:18:9-63
28        android:required="false" />
28-->[:unityLibrary] AndroidManifest.xml:19:9-33
29    <uses-feature
29-->[:unityLibrary] AndroidManifest.xml:20:5-22:36
30        android:name="android.hardware.touchscreen.multitouch.distinct"
30-->[:unityLibrary] AndroidManifest.xml:21:9-72
31        android:required="false" />
31-->[:unityLibrary] AndroidManifest.xml:22:9-33
32
33    <uses-permission android:name="com.android.vending.BILLING" />
33-->[:billing-5.1.0:] AndroidManifest.xml:10:5-67
33-->[:billing-5.1.0:] AndroidManifest.xml:10:22-64
34    <!--
35    This has been added to conform with requirement from Android 11 (API level 30) onwards
36    (http://screen/9iGdBMRWDmVbRJ6), after getting confirmation in http://yaqs/995038231927980032#a1
37    -->
38    <queries>
38-->[:billing-5.1.0:] AndroidManifest.xml:16:5-20:15
39        <intent>
39-->[:billing-5.1.0:] AndroidManifest.xml:17:9-19:18
40            <action android:name="com.android.vending.billing.InAppBillingService.BIND" />
40-->[:billing-5.1.0:] AndroidManifest.xml:18:13-91
40-->[:billing-5.1.0:] AndroidManifest.xml:18:21-88
41        </intent>
42    </queries>
43
44    <uses-permission android:name="com.google.android.gms.permission.AD_ID" />
44-->[:UnityAds:] AndroidManifest.xml:11:5-79
44-->[:UnityAds:] AndroidManifest.xml:11:22-76
45
46    <application
46-->src\main\AndroidManifest.xml:3:3-121
47        android:banner="@drawable/app_banner"
47-->src\main\AndroidManifest.xml:3:81-118
48        android:extractNativeLibs="true"
48-->[:unityLibrary] AndroidManifest.xml:25:9-41
49        android:icon="@mipmap/app_icon"
49-->src\main\AndroidManifest.xml:3:49-80
50        android:isGame="true"
50-->[:unityLibrary] AndroidManifest.xml:26:9-30
51        android:label="@string/app_name" >
51-->src\main\AndroidManifest.xml:3:16-48
52        <meta-data
52-->[:unityLibrary] AndroidManifest.xml:27:9-29:33
53            android:name="unity.splash-mode"
53-->[:unityLibrary] AndroidManifest.xml:28:13-45
54            android:value="0" />
54-->[:unityLibrary] AndroidManifest.xml:29:13-30
55        <meta-data
55-->[:unityLibrary] AndroidManifest.xml:30:9-32:36
56            android:name="unity.splash-enable"
56-->[:unityLibrary] AndroidManifest.xml:31:13-47
57            android:value="True" />
57-->[:unityLibrary] AndroidManifest.xml:32:13-33
58        <meta-data
58-->[:unityLibrary] AndroidManifest.xml:33:9-35:36
59            android:name="unity.launch-fullscreen"
59-->[:unityLibrary] AndroidManifest.xml:34:13-51
60            android:value="True" />
60-->[:unityLibrary] AndroidManifest.xml:35:13-33
61        <meta-data
61-->[:unityLibrary] AndroidManifest.xml:36:9-38:37
62            android:name="unity.allow-resizable-window"
62-->[:unityLibrary] AndroidManifest.xml:37:13-56
63            android:value="False" />
63-->[:unityLibrary] AndroidManifest.xml:38:13-34
64        <meta-data
64-->[:unityLibrary] AndroidManifest.xml:39:9-41:50
65            android:name="notch.config"
65-->[:unityLibrary] AndroidManifest.xml:40:13-40
66            android:value="portrait|landscape" />
66-->[:unityLibrary] AndroidManifest.xml:41:13-47
67        <meta-data
67-->[:unityLibrary] AndroidManifest.xml:42:9-44:36
68            android:name="unity.auto-report-fully-drawn"
68-->[:unityLibrary] AndroidManifest.xml:43:13-57
69            android:value="true" />
69-->[:unityLibrary] AndroidManifest.xml:44:13-33
70
71        <activity
71-->[:unityLibrary] AndroidManifest.xml:46:9-68:20
72            android:name="com.unity3d.player.UnityPlayerActivity"
72-->[:unityLibrary] AndroidManifest.xml:47:13-66
73            android:configChanges="mcc|mnc|locale|touchscreen|keyboard|keyboardHidden|navigation|orientation|screenLayout|uiMode|screenSize|smallestScreenSize|fontScale|layoutDirection|density"
73-->[:unityLibrary] AndroidManifest.xml:48:13-194
74            android:exported="true"
74-->[:unityLibrary] AndroidManifest.xml:49:13-36
75            android:hardwareAccelerated="false"
75-->[:unityLibrary] AndroidManifest.xml:50:13-48
76            android:launchMode="singleTask"
76-->[:unityLibrary] AndroidManifest.xml:51:13-44
77            android:resizeableActivity="false"
77-->[:unityLibrary] AndroidManifest.xml:52:13-47
78            android:screenOrientation="portrait"
78-->[:unityLibrary] AndroidManifest.xml:53:13-49
79            android:theme="@style/UnityThemeSelector" >
79-->[:unityLibrary] AndroidManifest.xml:54:13-54
80            <intent-filter>
80-->[:unityLibrary] AndroidManifest.xml:55:13-60:29
81                <category android:name="android.intent.category.LAUNCHER" />
81-->[:unityLibrary] AndroidManifest.xml:56:17-77
81-->[:unityLibrary] AndroidManifest.xml:56:27-74
82                <category android:name="android.intent.category.LEANBACK_LAUNCHER" />
82-->[:unityLibrary] AndroidManifest.xml:57:17-86
82-->[:unityLibrary] AndroidManifest.xml:57:27-83
83
84                <action android:name="android.intent.action.MAIN" />
84-->[:unityLibrary] AndroidManifest.xml:59:17-69
84-->[:unityLibrary] AndroidManifest.xml:59:25-66
85            </intent-filter>
86
87            <meta-data
87-->[:unityLibrary] AndroidManifest.xml:62:13-64:40
88                android:name="unityplayer.UnityActivity"
88-->[:unityLibrary] AndroidManifest.xml:63:17-57
89                android:value="true" />
89-->[:unityLibrary] AndroidManifest.xml:64:17-37
90            <meta-data
90-->[:unityLibrary] AndroidManifest.xml:65:13-67:40
91                android:name="notch_support"
91-->[:unityLibrary] AndroidManifest.xml:66:17-45
92                android:value="true" />
92-->[:unityLibrary] AndroidManifest.xml:67:17-37
93        </activity>
94
95        <meta-data
95-->[:billing-5.1.0:] AndroidManifest.xml:23:9-25:37
96            android:name="com.google.android.play.billingclient.version"
96-->[:billing-5.1.0:] AndroidManifest.xml:24:13-73
97            android:value="5.1.0" />
97-->[:billing-5.1.0:] AndroidManifest.xml:25:13-34
98
99        <activity
99-->[:billing-5.1.0:] AndroidManifest.xml:27:9-31:75
100            android:name="com.android.billingclient.api.ProxyBillingActivity"
100-->[:billing-5.1.0:] AndroidManifest.xml:28:13-78
101            android:configChanges="keyboard|keyboardHidden|screenLayout|screenSize|orientation"
101-->[:billing-5.1.0:] AndroidManifest.xml:29:13-96
102            android:exported="false"
102-->[:billing-5.1.0:] AndroidManifest.xml:30:13-37
103            android:theme="@android:style/Theme.Translucent.NoTitleBar" />
103-->[:billing-5.1.0:] AndroidManifest.xml:31:13-72
104        <activity
104-->[:UnityAds:] AndroidManifest.xml:14:9-18:74
105            android:name="com.unity3d.services.ads.adunit.AdUnitActivity"
105-->[:UnityAds:] AndroidManifest.xml:15:13-74
106            android:configChanges="fontScale|keyboard|keyboardHidden|locale|mnc|mcc|navigation|orientation|screenLayout|screenSize|smallestScreenSize|uiMode|touchscreen"
106-->[:UnityAds:] AndroidManifest.xml:16:13-170
107            android:hardwareAccelerated="true"
107-->[:UnityAds:] AndroidManifest.xml:17:13-47
108            android:theme="@android:style/Theme.NoTitleBar.Fullscreen" />
108-->[:UnityAds:] AndroidManifest.xml:18:13-71
109        <activity
109-->[:UnityAds:] AndroidManifest.xml:19:9-23:86
110            android:name="com.unity3d.services.ads.adunit.AdUnitTransparentActivity"
110-->[:UnityAds:] AndroidManifest.xml:20:13-85
111            android:configChanges="fontScale|keyboard|keyboardHidden|locale|mnc|mcc|navigation|orientation|screenLayout|screenSize|smallestScreenSize|uiMode|touchscreen"
111-->[:UnityAds:] AndroidManifest.xml:21:13-170
112            android:hardwareAccelerated="true"
112-->[:UnityAds:] AndroidManifest.xml:22:13-47
113            android:theme="@android:style/Theme.Translucent.NoTitleBar.Fullscreen" />
113-->[:UnityAds:] AndroidManifest.xml:23:13-83
114        <activity
114-->[:UnityAds:] AndroidManifest.xml:24:9-28:86
115            android:name="com.unity3d.services.ads.adunit.AdUnitTransparentSoftwareActivity"
115-->[:UnityAds:] AndroidManifest.xml:25:13-93
116            android:configChanges="fontScale|keyboard|keyboardHidden|locale|mnc|mcc|navigation|orientation|screenLayout|screenSize|smallestScreenSize|uiMode|touchscreen"
116-->[:UnityAds:] AndroidManifest.xml:26:13-170
117            android:hardwareAccelerated="false"
117-->[:UnityAds:] AndroidManifest.xml:27:13-48
118            android:theme="@android:style/Theme.Translucent.NoTitleBar.Fullscreen" />
118-->[:UnityAds:] AndroidManifest.xml:28:13-83
119        <activity
119-->[:UnityAds:] AndroidManifest.xml:29:9-33:74
120            android:name="com.unity3d.services.ads.adunit.AdUnitSoftwareActivity"
120-->[:UnityAds:] AndroidManifest.xml:30:13-82
121            android:configChanges="fontScale|keyboard|keyboardHidden|locale|mnc|mcc|navigation|orientation|screenLayout|screenSize|smallestScreenSize|uiMode|touchscreen"
121-->[:UnityAds:] AndroidManifest.xml:31:13-170
122            android:hardwareAccelerated="false"
122-->[:UnityAds:] AndroidManifest.xml:32:13-48
123            android:theme="@android:style/Theme.NoTitleBar.Fullscreen" />
123-->[:UnityAds:] AndroidManifest.xml:33:13-71
124    </application>
125
126</manifest>